[debug] [2025-01-30T07:01:36.558Z] ----------------------------------------------------------------------
[debug] [2025-01-30T07:01:36.562Z] Command:       /Users/oomori/.nvm/versions/node/v22.13.1/bin/node /Users/oomori/.nvm/versions/node/v22.13.1/bin/firebase emulators:start
[debug] [2025-01-30T07:01:36.562Z] CLI Version:   13.29.2
[debug] [2025-01-30T07:01:36.562Z] Platform:      darwin
[debug] [2025-01-30T07:01:36.562Z] Node Version:  v22.13.1
[debug] [2025-01-30T07:01:36.563Z] Time:          Thu Jan 30 2025 16:01:36 GMT+0900 (日本標準時)
[debug] [2025-01-30T07:01:36.563Z] ----------------------------------------------------------------------
[debug] 
[debug] [2025-01-30T07:01:36.683Z] > command requires scopes: ["email","openid","https://www.googleapis.com/auth/cloudplatformprojects.readonly","https://www.googleapis.com/auth/firebase","https://www.googleapis.com/auth/cloud-platform"]
[debug] [2025-01-30T07:01:36.683Z] > authorizing via signed-in user (info@caen.co.jp)
[debug] [2025-01-30T07:01:36.800Z] java version "17.0.5" 2022-10-18 LTS

[debug] [2025-01-30T07:01:36.801Z] Java(TM) SE Runtime Environment (build 17.0.5+9-LTS-191)
Java HotSpot(TM) 64-Bit Server VM (build 17.0.5+9-LTS-191, mixed mode, sharing)

[debug] [2025-01-30T07:01:36.803Z] Parsed Java major version: 17
[info] i  emulators: Starting emulators: functions, firestore, extensions {"metadata":{"emulator":{"name":"hub"},"message":"Starting emulators: functions, firestore, extensions"}}
[debug] [2025-01-30T07:01:36.804Z] Checked if tokens are valid: true, expires at: 1738222276379
[debug] [2025-01-30T07:01:36.804Z] Checked if tokens are valid: true, expires at: 1738222276379
[debug] [2025-01-30T07:01:36.805Z] >>> [apiv2][query] GET https://cloudresourcemanager.googleapis.com/v1/projects/caen-weathermother-prod [none]
[debug] [2025-01-30T07:01:37.587Z] <<< [apiv2][status] GET https://cloudresourcemanager.googleapis.com/v1/projects/caen-weathermother-prod 200
[debug] [2025-01-30T07:01:37.587Z] <<< [apiv2][body] GET https://cloudresourcemanager.googleapis.com/v1/projects/caen-weathermother-prod {"projectNumber":"179164196124","projectId":"caen-weathermother-prod","lifecycleState":"ACTIVE","name":"caen-weathermother-prod","labels":{"firebase":"enabled","firebase-core":"disabled"},"createTime":"2025-01-16T08:57:01.478199Z"}
[debug] [2025-01-30T07:01:38.042Z] [logging] Logging Emulator only supports listening on one address (127.0.0.1). Not listening on ::1
[debug] [2025-01-30T07:01:38.042Z] [firestore] Firestore Emulator only supports listening on one address (127.0.0.1). Not listening on ::1
[debug] [2025-01-30T07:01:38.042Z] [firestore.websocket] websocket server for firestore only supports listening on one address (127.0.0.1). Not listening on ::1
[debug] [2025-01-30T07:01:38.042Z] assigned listening specs for emulators {"user":{"hub":[{"address":"127.0.0.1","family":"IPv4","port":4400},{"address":"::1","family":"IPv6","port":4400}],"ui":[{"address":"127.0.0.1","family":"IPv4","port":4000},{"address":"::1","family":"IPv6","port":4000}],"logging":[{"address":"127.0.0.1","family":"IPv4","port":4500}],"firestore":[{"address":"127.0.0.1","family":"IPv4","port":8080}],"firestore.websocket":[{"address":"127.0.0.1","family":"IPv4","port":9150}]},"metadata":{"message":"assigned listening specs for emulators"}}
[debug] [2025-01-30T07:01:38.045Z] [hub] writing locator at /var/folders/ft/bx_7gqbj4b5b_h_b8j0rsjd40000gn/T/hub-caen-weathermother-prod.json
[debug] [2025-01-30T07:01:38.047Z] [Extensions] Started Extensions emulator, this is a noop.
[debug] [2025-01-30T07:01:38.309Z] [functions] Functions Emulator only supports listening on one address (127.0.0.1). Not listening on ::1
[debug] [2025-01-30T07:01:38.310Z] [eventarc] Eventarc Emulator only supports listening on one address (127.0.0.1). Not listening on ::1
[debug] [2025-01-30T07:01:38.310Z] [tasks] Cloud Tasks Emulator only supports listening on one address (127.0.0.1). Not listening on ::1
[debug] [2025-01-30T07:01:38.310Z] late-assigned ports for functions and eventarc emulators {"user":{"hub":[{"address":"127.0.0.1","family":"IPv4","port":4400},{"address":"::1","family":"IPv6","port":4400}],"ui":[{"address":"127.0.0.1","family":"IPv4","port":4000},{"address":"::1","family":"IPv6","port":4000}],"logging":[{"address":"127.0.0.1","family":"IPv4","port":4500}],"firestore":[{"address":"127.0.0.1","family":"IPv4","port":8080}],"firestore.websocket":[{"address":"127.0.0.1","family":"IPv4","port":9150}],"functions":[{"address":"127.0.0.1","family":"IPv4","port":5001}],"eventarc":[{"address":"127.0.0.1","family":"IPv4","port":9299}],"tasks":[{"address":"127.0.0.1","family":"IPv4","port":9499}]},"metadata":{"message":"late-assigned ports for functions and eventarc emulators"}}
[warn] ⚠  functions: The following emulators are not running, calls to these services from the Functions emulator will affect production: apphosting, auth, database, hosting, pubsub, storage, dataconnect {"metadata":{"emulator":{"name":"functions"},"message":"The following emulators are not running, calls to these services from the Functions emulator will affect production: \u001b[1mapphosting, auth, database, hosting, pubsub, storage, dataconnect\u001b[22m"}}
[debug] [2025-01-30T07:01:38.320Z] defaultcredentials: writing to file /Users/oomori/.config/firebase/info_caen_co.jp_application_default_credentials.json
[debug] [2025-01-30T07:01:38.326Z] Setting GAC to /Users/oomori/.config/firebase/info_caen_co.jp_application_default_credentials.json {"metadata":{"emulator":{"name":"functions"},"message":"Setting GAC to /Users/oomori/.config/firebase/info_caen_co.jp_application_default_credentials.json"}}
[debug] [2025-01-30T07:01:38.326Z] Checked if tokens are valid: true, expires at: 1738222276379
[debug] [2025-01-30T07:01:38.326Z] Checked if tokens are valid: true, expires at: 1738222276379
[debug] [2025-01-30T07:01:38.326Z] >>> [apiv2][query] GET https://firebase.googleapis.com/v1beta1/projects/caen-weathermother-prod/adminSdkConfig [none]
[debug] [2025-01-30T07:01:38.702Z] <<< [apiv2][status] GET https://firebase.googleapis.com/v1beta1/projects/caen-weathermother-prod/adminSdkConfig 200
[debug] [2025-01-30T07:01:38.702Z] <<< [apiv2][body] GET https://firebase.googleapis.com/v1beta1/projects/caen-weathermother-prod/adminSdkConfig {"projectId":"caen-weathermother-prod","storageBucket":"caen-weathermother-prod.firebasestorage.app"}
[warn] ⚠  firestore: Cloud Firestore Emulator does not support multiple databases yet. {"metadata":{"emulator":{"name":"firestore"},"message":"Cloud Firestore Emulator does not support multiple databases yet."}}
[warn] ⚠  firestore: Did not find a Cloud Firestore rules file specified in a firebase.json config file. {"metadata":{"emulator":{"name":"firestore"},"message":"Did not find a Cloud Firestore rules file specified in a firebase.json config file."}}
[warn] ⚠  firestore: The emulator will default to allowing all reads and writes. Learn more about this option: https://firebase.google.com/docs/emulator-suite/install_and_configure#security_rules_configuration. {"metadata":{"emulator":{"name":"firestore"},"message":"The emulator will default to allowing all reads and writes. Learn more about this option: https://firebase.google.com/docs/emulator-suite/install_and_configure#security_rules_configuration."}}
[debug] [2025-01-30T07:01:38.716Z] Ignoring unsupported arg: auto_download {"metadata":{"emulator":{"name":"firestore"},"message":"Ignoring unsupported arg: auto_download"}}
[debug] [2025-01-30T07:01:38.717Z] Ignoring unsupported arg: single_project_mode_error {"metadata":{"emulator":{"name":"firestore"},"message":"Ignoring unsupported arg: single_project_mode_error"}}
[debug] [2025-01-30T07:01:38.717Z] Starting Firestore Emulator with command {"binary":"java","args":["-Dgoogle.cloud_firestore.debug_log_level=FINE","-Duser.language=en","-jar","/Users/oomori/.cache/firebase/emulators/cloud-firestore-emulator-v1.19.8.jar","--host","127.0.0.1","--port",8080,"--websocket_port",9150,"--project_id","caen-weathermother-prod","--single_project_mode",true,"--functions_emulator","127.0.0.1:5001"],"optionalArgs":["port","webchannel_port","host","rules","websocket_port","functions_emulator","seed_from_export","project_id","single_project_mode"],"joinArgs":false,"shell":false,"port":8080} {"metadata":{"emulator":{"name":"firestore"},"message":"Starting Firestore Emulator with command {\"binary\":\"java\",\"args\":[\"-Dgoogle.cloud_firestore.debug_log_level=FINE\",\"-Duser.language=en\",\"-jar\",\"/Users/oomori/.cache/firebase/emulators/cloud-firestore-emulator-v1.19.8.jar\",\"--host\",\"127.0.0.1\",\"--port\",8080,\"--websocket_port\",9150,\"--project_id\",\"caen-weathermother-prod\",\"--single_project_mode\",true,\"--functions_emulator\",\"127.0.0.1:5001\"],\"optionalArgs\":[\"port\",\"webchannel_port\",\"host\",\"rules\",\"websocket_port\",\"functions_emulator\",\"seed_from_export\",\"project_id\",\"single_project_mode\"],\"joinArgs\":false,\"shell\":false,\"port\":8080}"}}
[info] i  firestore: Firestore Emulator logging to firestore-debug.log {"metadata":{"emulator":{"name":"firestore"},"message":"Firestore Emulator logging to \u001b[1mfirestore-debug.log\u001b[22m"}}
[debug] [2025-01-30T07:01:39.359Z] Jan 30, 2025 4:01:39 PM com.google.cloud.datastore.emulator.firestore.websocket.WebSocketServer start
INFO: Started WebSocket server on ws://127.0.0.1:9150
 {"metadata":{"emulator":{"name":"firestore"},"message":"Jan 30, 2025 4:01:39 PM com.google.cloud.datastore.emulator.firestore.websocket.WebSocketServer start\nINFO: Started WebSocket server on ws://127.0.0.1:9150\n"}}
[debug] [2025-01-30T07:01:39.376Z] API endpoint: http:// {"metadata":{"emulator":{"name":"firestore"},"message":"API endpoint: http://"}}
[debug] [2025-01-30T07:01:39.376Z] 127.0.0.1:8080
If you are using a library that supports the FIRESTORE_EMULATOR_HOST environment variable, run:

   export FIRESTORE_EMULATOR_HOST=127.0.0.1:8080

If you are running a Firestore in Datastore Mode project, run:

   export DATASTORE_EMULATOR_HOST=127.0.0.1:8080

Note: Support for Datastore Mode is in preview. If you encounter any bugs please file at https://github.com/firebase/firebase-tools/issues.
Dev App Server is now running.

 {"metadata":{"emulator":{"name":"firestore"},"message":"127.0.0.1:8080\nIf you are using a library that supports the FIRESTORE_EMULATOR_HOST environment variable, run:\n\n   export FIRESTORE_EMULATOR_HOST=127.0.0.1:8080\n\nIf you are running a Firestore in Datastore Mode project, run:\n\n   export DATASTORE_EMULATOR_HOST=127.0.0.1:8080\n\nNote: Support for Datastore Mode is in preview. If you encounter any bugs please file at https://github.com/firebase/firebase-tools/issues.\nDev App Server is now running.\n\n"}}
[info] ✔  firestore: Firestore Emulator UI websocket is running on 9150. {"metadata":{"emulator":{"name":"firestore"},"message":"Firestore Emulator UI websocket is running on 9150."}}
[debug] [2025-01-30T07:01:39.529Z] [Extensions] Connecting Extensions emulator, this is a noop.
[info] i  functions: Watching "/Users/oomori/Developer/WEATHER_MOTHER/weathermother/functions" for Cloud Functions... {"metadata":{"emulator":{"name":"functions"},"message":"Watching \"/Users/oomori/Developer/WEATHER_MOTHER/weathermother/functions\" for Cloud Functions..."}}
[debug] [2025-01-30T07:01:39.533Z] Validating nodejs source
[debug] [2025-01-30T07:01:39.962Z] > [functions] package.json contents: {
  "name": "functions",
  "description": "Cloud Functions for Firebase",
  "scripts": {
    "serve": "firebase emulators:start --only functions",
    "shell": "firebase functions:shell",
    "start": "npm run shell",
    "deploy": "firebase deploy --only functions",
    "logs": "firebase functions:log",
    "test": "node -r dotenv/config src/core/batch-processor.js dotenv_config_path=.env.local",
    "test:single": "node -r dotenv/config -e \"require('./src/core/weather-mother.js').processWeatherData('130000')\" dotenv_config_path=.env.local"
  },
  "engines": {
    "node": "22"
  },
  "main": "index.js",
  "dependencies": {
    "@google-cloud/vertexai": "^1.9.2",
    "dotenv": "^16.4.7",
    "firebase-admin": "^12.6.0",
    "firebase-functions": "^6.0.1",
    "node-fetch": "^3.3.2"
  },
  "devDependencies": {
    "firebase-functions-test": "^3.1.0"
  },
  "private": true
}
[debug] [2025-01-30T07:01:39.963Z] Building nodejs source
[debug] [2025-01-30T07:01:39.963Z] Failed to find version of module node: reached end of search path /Users/oomori/Developer/WEATHER_MOTHER/weathermother/functions/node_modules
[info] ✔  functions: Using node@22 from host. 
[debug] [2025-01-30T07:01:39.965Z] Failed to validate key FIREBASE_AUTH_EMULATOR_HOST: Error: Key FIREBASE_AUTH_EMULATOR_HOST starts with a reserved prefix (X_GOOGLE_ FIREBASE_ EXT_)
[error] ⬢  functions: Failed to load function definition from source: FirebaseError: Failed to load environment variables from .env.local. {"metadata":{"emulator":{"name":"functions"},"message":"Failed to load function definition from source: FirebaseError: Failed to load environment variables from .env.local."}}
[debug] [2025-01-30T07:01:39.971Z] Could not find VSCode notification endpoint: FetchError: request to http://localhost:40001/vscode/notify failed, reason: . If you are not running the Firebase Data Connect VSCode extension, this is expected and not an issue.
[info] 
┌─────────────────────────────────────────────────────────────┐
│ ✔  All emulators ready! It is now safe to connect your app. │
│ i  View Emulator UI at http://127.0.0.1:4000/               │
└─────────────────────────────────────────────────────────────┘

┌────────────┬────────────────┬──────────────────────────────────┐
│ Emulator   │ Host:Port      │ View in Emulator UI              │
├────────────┼────────────────┼──────────────────────────────────┤
│ Functions  │ 127.0.0.1:5001 │ http://127.0.0.1:4000/functions  │
├────────────┼────────────────┼──────────────────────────────────┤
│ Firestore  │ 127.0.0.1:8080 │ http://127.0.0.1:4000/firestore  │
├────────────┼────────────────┼──────────────────────────────────┤
│ Extensions │ 127.0.0.1:5001 │ http://127.0.0.1:4000/extensions │
└────────────┴────────────────┴──────────────────────────────────┘
  Emulator Hub running at 127.0.0.1:4400
  Other reserved ports: 4500, 9150
┌─────────────────────────┬───────────────┬─────────────────────┐
│ Extension Instance Name │ Extension Ref │ View in Emulator UI │
└─────────────────────────┴───────────────┴─────────────────────┘
Issues? Report them at https://github.com/firebase/firebase-tools/issues and attach the *-debug.log files.
 
[debug] [2025-01-30T07:01:41.216Z] Jan 30, 2025 4:01:41 PM com.google.cloud.datastore.emulator.firestore.websocket.WebSocketChannelHandler initChannel
INFO: Connected to new websocket client
 {"metadata":{"emulator":{"name":"firestore"},"message":"Jan 30, 2025 4:01:41 PM com.google.cloud.datastore.emulator.firestore.websocket.WebSocketChannelHandler initChannel\nINFO: Connected to new websocket client\n"}}
[debug] [2025-01-30T07:02:00.660Z] Jan 30, 2025 4:02:00 PM com.google.cloud.datastore.emulator.firestore.websocket.WebSocketChannelHandler initChannel
INFO: Connected to new websocket client
 {"metadata":{"emulator":{"name":"firestore"},"message":"Jan 30, 2025 4:02:00 PM com.google.cloud.datastore.emulator.firestore.websocket.WebSocketChannelHandler initChannel\nINFO: Connected to new websocket client\n"}}
[debug] [2025-01-30T07:02:02.526Z] Jan 30, 2025 4:02:02 PM com.google.cloud.datastore.emulator.firestore.websocket.WebSocketChannelHandler channelClosed
INFO: Websocket client disconnected
 {"metadata":{"emulator":{"name":"firestore"},"message":"Jan 30, 2025 4:02:02 PM com.google.cloud.datastore.emulator.firestore.websocket.WebSocketChannelHandler channelClosed\nINFO: Websocket client disconnected\n"}}
[debug] [2025-01-30T07:02:02.584Z] Jan 30, 2025 4:02:02 PM com.google.cloud.datastore.emulator.firestore.websocket.WebSocketChannelHandler initChannel
INFO: Connected to new websocket client
 {"metadata":{"emulator":{"name":"firestore"},"message":"Jan 30, 2025 4:02:02 PM com.google.cloud.datastore.emulator.firestore.websocket.WebSocketChannelHandler initChannel\nINFO: Connected to new websocket client\n"}}
[debug] [2025-01-30T07:02:03.063Z] Jan 30, 2025 4:02:03 PM com.google.cloud.datastore.emulator.firestore.websocket.WebSocketChannelHandler channelClosed
INFO: Websocket client disconnected
 {"metadata":{"emulator":{"name":"firestore"},"message":"Jan 30, 2025 4:02:03 PM com.google.cloud.datastore.emulator.firestore.websocket.WebSocketChannelHandler channelClosed\nINFO: Websocket client disconnected\n"}}
[debug] [2025-01-30T07:02:03.127Z] Jan 30, 2025 4:02:03 PM com.google.cloud.datastore.emulator.firestore.websocket.WebSocketChannelHandler initChannel
INFO: Connected to new websocket client
 {"metadata":{"emulator":{"name":"firestore"},"message":"Jan 30, 2025 4:02:03 PM com.google.cloud.datastore.emulator.firestore.websocket.WebSocketChannelHandler initChannel\nINFO: Connected to new websocket client\n"}}
[debug] [2025-01-30T07:02:47.738Z] Jan 30, 2025 4:02:47 PM io.gapi.emulators.netty.HttpVersionRoutingHandler channelRead
INFO: Detected HTTP/2 connection.
 {"metadata":{"emulator":{"name":"firestore"},"message":"Jan 30, 2025 4:02:47 PM io.gapi.emulators.netty.HttpVersionRoutingHandler channelRead\nINFO: Detected HTTP/2 connection.\n"}}
[debug] [2025-01-30T07:03:01.997Z] Jan 30, 2025 4:03:01 PM com.google.cloud.datastore.emulator.firestore.websocket.WebSocketChannelHandler channelClosed
INFO: Websocket client disconnected
 {"metadata":{"emulator":{"name":"firestore"},"message":"Jan 30, 2025 4:03:01 PM com.google.cloud.datastore.emulator.firestore.websocket.WebSocketChannelHandler channelClosed\nINFO: Websocket client disconnected\n"}}
[debug] [2025-01-30T07:03:02.106Z] Jan 30, 2025 4:03:02 PM com.google.cloud.datastore.emulator.firestore.websocket.WebSocketChannelHandler initChannel
INFO: Connected to new websocket client
 {"metadata":{"emulator":{"name":"firestore"},"message":"Jan 30, 2025 4:03:02 PM com.google.cloud.datastore.emulator.firestore.websocket.WebSocketChannelHandler initChannel\nINFO: Connected to new websocket client\n"}}
[debug] [2025-01-30T07:03:02.626Z] Jan 30, 2025 4:03:02 PM com.google.cloud.datastore.emulator.firestore.websocket.WebSocketChannelHandler channelClosed
INFO: Websocket client disconnected
 {"metadata":{"emulator":{"name":"firestore"},"message":"Jan 30, 2025 4:03:02 PM com.google.cloud.datastore.emulator.firestore.websocket.WebSocketChannelHandler channelClosed\nINFO: Websocket client disconnected\n"}}
[debug] [2025-01-30T07:03:02.720Z] Jan 30, 2025 4:03:02 PM com.google.cloud.datastore.emulator.firestore.websocket.WebSocketChannelHandler initChannel
INFO: Connected to new websocket client
 {"metadata":{"emulator":{"name":"firestore"},"message":"Jan 30, 2025 4:03:02 PM com.google.cloud.datastore.emulator.firestore.websocket.WebSocketChannelHandler initChannel\nINFO: Connected to new websocket client\n"}}
[debug] [2025-01-30T07:03:03.041Z] Jan 30, 2025 4:03:03 PM com.google.cloud.datastore.emulator.firestore.websocket.WebSocketChannelHandler channelClosed
INFO: Websocket client disconnected
 {"metadata":{"emulator":{"name":"firestore"},"message":"Jan 30, 2025 4:03:03 PM com.google.cloud.datastore.emulator.firestore.websocket.WebSocketChannelHandler channelClosed\nINFO: Websocket client disconnected\n"}}
[debug] [2025-01-30T07:03:03.104Z] Jan 30, 2025 4:03:03 PM com.google.cloud.datastore.emulator.firestore.websocket.WebSocketChannelHandler initChannel
INFO: Connected to new websocket client
 {"metadata":{"emulator":{"name":"firestore"},"message":"Jan 30, 2025 4:03:03 PM com.google.cloud.datastore.emulator.firestore.websocket.WebSocketChannelHandler initChannel\nINFO: Connected to new websocket client\n"}}
[debug] [2025-01-30T07:03:03.293Z] Jan 30, 2025 4:03:03 PM com.google.cloud.datastore.emulator.firestore.websocket.WebSocketChannelHandler channelClosed
INFO: Websocket client disconnected
 {"metadata":{"emulator":{"name":"firestore"},"message":"Jan 30, 2025 4:03:03 PM com.google.cloud.datastore.emulator.firestore.websocket.WebSocketChannelHandler channelClosed\nINFO: Websocket client disconnected\n"}}
[debug] [2025-01-30T07:03:03.352Z] Jan 30, 2025 4:03:03 PM com.google.cloud.datastore.emulator.firestore.websocket.WebSocketChannelHandler initChannel
INFO: Connected to new websocket client
 {"metadata":{"emulator":{"name":"firestore"},"message":"Jan 30, 2025 4:03:03 PM com.google.cloud.datastore.emulator.firestore.websocket.WebSocketChannelHandler initChannel\nINFO: Connected to new websocket client\n"}}
[debug] [2025-01-30T07:04:33.219Z] File /Users/oomori/Developer/WEATHER_MOTHER/weathermother/functions/package.json changed, reloading triggers {"metadata":{"emulator":{"name":"functions"},"message":"File /Users/oomori/Developer/WEATHER_MOTHER/weathermother/functions/package.json changed, reloading triggers"}}
[debug] [2025-01-30T07:04:33.319Z] File /Users/oomori/Developer/WEATHER_MOTHER/weathermother/functions/index.js changed, reloading triggers {"metadata":{"emulator":{"name":"functions"},"message":"File /Users/oomori/Developer/WEATHER_MOTHER/weathermother/functions/index.js changed, reloading triggers"}}
[debug] [2025-01-30T07:04:34.320Z] Validating nodejs source
[debug] [2025-01-30T07:04:34.998Z] > [functions] package.json contents: {
  "name": "functions",
  "description": "Cloud Functions for Firebase",
  "scripts": {
    "serve": "firebase emulators:start --only functions",
    "shell": "firebase functions:shell",
    "start": "npm run shell",
    "deploy": "firebase deploy --only functions",
    "logs": "firebase functions:log",
    "test": "node src/core/batch-processor.js",
    "test:single": "node -e \"require('./src/core/weather-mother.js').processWeatherData('130000')\""
  },
  "engines": {
    "node": "22"
  },
  "main": "index.js",
  "dependencies": {
    "@google-cloud/vertexai": "^1.9.2",
    "dotenv": "^16.4.7",
    "firebase-admin": "^12.6.0",
    "firebase-functions": "^6.0.1",
    "node-fetch": "^3.3.2"
  },
  "devDependencies": {
    "firebase-functions-test": "^3.1.0"
  },
  "private": true
}
[debug] [2025-01-30T07:04:34.998Z] Building nodejs source
[debug] [2025-01-30T07:04:34.998Z] Failed to find version of module node: reached end of search path /Users/oomori/Developer/WEATHER_MOTHER/weathermother/functions/node_modules
[info] ✔  functions: Using node@22 from host. 
[info] i  functions: Loaded environment variables from .env. 
[debug] [2025-01-30T07:04:35.003Z] Could not find functions.yaml. Must use http discovery
[debug] [2025-01-30T07:04:35.007Z] Found firebase-functions binary at '/Users/oomori/Developer/WEATHER_MOTHER/weathermother/functions/node_modules/.bin/firebase-functions'
[info] Serving at port 8870

[error] (node:84506) [DEP0040] DeprecationWarning: The `punycode` module is deprecated. Please use a userland alternative instead.
(Use `node --trace-deprecation ...` to show where the warning was created)

[debug] [2025-01-30T07:04:35.371Z] Got response from /__/functions.yaml {"endpoints":{"generateWeatherMessages":{"availableMemoryMb":256,"timeoutSeconds":540,"minInstances":null,"maxInstances":1,"ingressSettings":null,"concurrency":null,"serviceAccountEmail":null,"vpc":null,"platform":"gcfv2","labels":{},"scheduleTrigger":{"schedule":"0 6 * * *","retryConfig":{"retryCount":3},"timeZone":"Asia/Tokyo"},"entryPoint":"generateWeatherMessages"}},"specVersion":"v1alpha1","requiredAPIs":[{"api":"cloudscheduler.googleapis.com","reason":"Needed for scheduled functions."}],"extensions":{}}
